<?xml version="1.0" encoding="UTF-8"?>
<testng-results total="3" passed="1" failed="2" skipped="0">
  <reporter-output>
  </reporter-output>
  <suite started-at="2022-08-06T19:20:00Z" name="RegressionSuite" finished-at="2022-08-06T19:20:35Z" duration-ms="35004">
    <groups>
    </groups>
    <test started-at="2022-08-06T19:20:00Z" name="verifySignupfreeButton" finished-at="2022-08-06T19:20:07Z" duration-ms="7033">
      <class name="com.Surveymonkey.testCases.verifySignupfreeButton">
        <test-method is-config="true" signature="setup(java.lang.String)[pri:0, instance:com.Surveymonkey.testCases.verifySignupfreeButton@3a62c01e]" started-at="2022-08-06T16:20:00Z" name="setup" finished-at="2022-08-06T16:20:05Z" duration-ms="5353" status="PASS">
          <params>
            <param index="0">
              <value>
                <![CDATA[chrome]]>
              </value>
            </param>
          </params>
          <reporter-output>
          </reporter-output>
        </test-method> <!-- setup -->
        <test-method signature="signupfreebuttonTest()[pri:0, instance:com.Surveymonkey.testCases.verifySignupfreeButton@3a62c01e]" started-at="2022-08-06T16:20:05Z" name="signupfreebuttonTest" finished-at="2022-08-06T16:20:07Z" duration-ms="1283" status="PASS">
          <reporter-output>
          </reporter-output>
        </test-method> <!-- signupfreebuttonTest -->
        <test-method is-config="true" signature="teardown()[pri:0, instance:com.Surveymonkey.testCases.verifySignupfreeButton@3a62c01e]" started-at="2022-08-06T16:20:07Z" name="teardown" finished-at="2022-08-06T16:20:07Z" duration-ms="195" status="PASS">
          <reporter-output>
          </reporter-output>
        </test-method> <!-- teardown -->
      </class> <!-- com.Surveymonkey.testCases.verifySignupfreeButton -->
    </test> <!-- verifySignupfreeButton -->
    <test started-at="2022-08-06T19:20:07Z" name="verifyLogInpageISdisplayed" finished-at="2022-08-06T19:20:16Z" duration-ms="8997">
      <class name="com.Surveymonkey.testCases.verifyLogInpageISdisplayed">
        <test-method is-config="true" signature="setup(java.lang.String)[pri:0, instance:com.Surveymonkey.testCases.verifyLogInpageISdisplayed@2f9a01c1]" started-at="2022-08-06T16:20:07Z" name="setup" finished-at="2022-08-06T16:20:11Z" duration-ms="3825" status="PASS">
          <params>
            <param index="0">
              <value>
                <![CDATA[chrome]]>
              </value>
            </param>
          </params>
          <reporter-output>
          </reporter-output>
        </test-method> <!-- setup -->
        <test-method signature="logInpageTest()[pri:0, instance:com.Surveymonkey.testCases.verifyLogInpageISdisplayed@2f9a01c1]" started-at="2022-08-06T16:20:11Z" name="logInpageTest" finished-at="2022-08-06T16:20:16Z" duration-ms="5001" status="FAIL">
          <exception class="java.lang.AssertionError">
            <message>
              <![CDATA[Wrong application is opened expected [SurveyMonkey - Log in] but found [SurveyMonkey Login]]]>
            </message>
            <full-stacktrace>
              <![CDATA[java.lang.AssertionError: Wrong application is opened expected [SurveyMonkey - Log in] but found [SurveyMonkey Login]
	at org.testng.Assert.fail(Assert.java:89)
	at org.testng.Assert.failNotEquals(Assert.java:489)
	at org.testng.Assert.assertEquals(Assert.java:118)
	at org.testng.Assert.assertEquals(Assert.java:171)
	at com.Surveymonkey.testCases.verifyLogInpageISdisplayed.logInpageTest(verifyLogInpageISdisplayed.java:34)
	at java.base/jdk.internal.reflect.NativeMethodAccessorImpl.invoke0(Native Method)
	at java.base/jdk.internal.reflect.NativeMethodAccessorImpl.invoke(NativeMethodAccessorImpl.java:77)
	at java.base/jdk.internal.reflect.DelegatingMethodAccessorImpl.invoke(DelegatingMethodAccessorImpl.java:43)
	at java.base/java.lang.reflect.Method.invoke(Method.java:568)
	at org.testng.internal.MethodInvocationHelper.invokeMethod(MethodInvocationHelper.java:80)
	at org.testng.internal.Invoker.invokeMethod(Invoker.java:715)
	at org.testng.internal.Invoker.invokeTestMethod(Invoker.java:907)
	at org.testng.internal.Invoker.invokeTestMethods(Invoker.java:1237)
	at org.testng.internal.TestMethodWorker.invokeTestMethods(TestMethodWorker.java:127)
	at org.testng.internal.TestMethodWorker.run(TestMethodWorker.java:111)
	at org.testng.TestRunner.privateRun(TestRunner.java:767)
	at org.testng.TestRunner.run(TestRunner.java:617)
	at org.testng.SuiteRunner.runTest(SuiteRunner.java:334)
	at org.testng.SuiteRunner.runSequentially(SuiteRunner.java:329)
	at org.testng.SuiteRunner.privateRun(SuiteRunner.java:291)
	at org.testng.SuiteRunner.run(SuiteRunner.java:240)
	at org.testng.SuiteRunnerWorker.runSuite(SuiteRunnerWorker.java:51)
	at org.testng.SuiteRunnerWorker.run(SuiteRunnerWorker.java:85)
	at org.testng.TestNG.runSuitesSequentially(TestNG.java:1197)
	at org.testng.TestNG.runSuitesLocally(TestNG.java:1122)
	at org.testng.TestNG.run(TestNG.java:1030)
	at org.testng.remote.AbstractRemoteTestNG.run(AbstractRemoteTestNG.java:115)
	at org.testng.remote.RemoteTestNG.initAndRun(RemoteTestNG.java:251)
	at org.testng.remote.RemoteTestNG.main(RemoteTestNG.java:77)
]]>
            </full-stacktrace>
          </exception> <!-- java.lang.AssertionError -->
          <reporter-output>
          </reporter-output>
        </test-method> <!-- logInpageTest -->
        <test-method is-config="true" signature="teardown()[pri:0, instance:com.Surveymonkey.testCases.verifyLogInpageISdisplayed@2f9a01c1]" started-at="2022-08-06T16:20:16Z" name="teardown" finished-at="2022-08-06T16:20:16Z" duration-ms="165" status="PASS">
          <reporter-output>
          </reporter-output>
        </test-method> <!-- teardown -->
      </class> <!-- com.Surveymonkey.testCases.verifyLogInpageISdisplayed -->
    </test> <!-- verifyLogInpageISdisplayed -->
    <test started-at="2022-08-06T19:20:16Z" name="verifyuserLoginTest" finished-at="2022-08-06T19:20:35Z" duration-ms="18908">
      <class name="com.Surveymonkey.testCases.verifyuserLoginTest">
        <test-method is-config="true" signature="setup(java.lang.String)[pri:0, instance:com.Surveymonkey.testCases.verifyuserLoginTest@4763c727]" started-at="2022-08-06T16:20:16Z" name="setup" finished-at="2022-08-06T16:20:20Z" duration-ms="3824" status="PASS">
          <params>
            <param index="0">
              <value>
                <![CDATA[chrome]]>
              </value>
            </param>
          </params>
          <reporter-output>
          </reporter-output>
        </test-method> <!-- setup -->
        <test-method signature="verifyuserLogin()[pri:0, instance:com.Surveymonkey.testCases.verifyuserLoginTest@4763c727]" started-at="2022-08-06T16:20:20Z" name="verifyuserLogin" finished-at="2022-08-06T16:20:35Z" duration-ms="14866" status="FAIL">
          <exception class="org.openqa.selenium.ElementNotInteractableException">
            <message>
              <![CDATA[element not interactable
  (Session info: chrome=104.0.5112.79)
Build info: version: '3.141.59', revision: 'e82be7d358', time: '2018-11-14T08:17:03'
System info: host: 'DESKTOP-LGHD715', ip: '192.168.2.13', os.name: 'Windows 10', os.arch: 'amd64', os.version: '10.0', java.version: '17.0.1'
Driver info: org.openqa.selenium.chrome.ChromeDriver
Capabilities {acceptInsecureCerts: false, browserName: chrome, browserVersion: 104.0.5112.79, chrome: {chromedriverVersion: 104.0.5112.79 (3cf3e8c8a07d..., userDataDir: C:\Users\unaja\AppData\Loca...}, goog:chromeOptions: {debuggerAddress: localhost:51788}, javascriptEnabled: true, networkConnectionEnabled: false, pageLoadStrategy: normal, platform: WINDOWS, platformName: WINDOWS, proxy: Proxy(), setWindowRect: true, strictFileInteractability: false, timeouts: {implicit: 0, pageLoad: 300000, script: 30000}, unhandledPromptBehavior: dismiss and notify, webauthn:extension:credBlob: true, webauthn:extension:largeBlob: true, webauthn:virtualAuthenticators: true}
Session ID: d0d8c342bab7604ba1d4f3f1c7a0e417]]>
            </message>
            <full-stacktrace>
              <![CDATA[org.openqa.selenium.ElementNotInteractableException: element not interactable
  (Session info: chrome=104.0.5112.79)
Build info: version: '3.141.59', revision: 'e82be7d358', time: '2018-11-14T08:17:03'
System info: host: 'DESKTOP-LGHD715', ip: '192.168.2.13', os.name: 'Windows 10', os.arch: 'amd64', os.version: '10.0', java.version: '17.0.1'
Driver info: org.openqa.selenium.chrome.ChromeDriver
Capabilities {acceptInsecureCerts: false, browserName: chrome, browserVersion: 104.0.5112.79, chrome: {chromedriverVersion: 104.0.5112.79 (3cf3e8c8a07d..., userDataDir: C:\Users\unaja\AppData\Loca...}, goog:chromeOptions: {debuggerAddress: localhost:51788}, javascriptEnabled: true, networkConnectionEnabled: false, pageLoadStrategy: normal, platform: WINDOWS, platformName: WINDOWS, proxy: Proxy(), setWindowRect: true, strictFileInteractability: false, timeouts: {implicit: 0, pageLoad: 300000, script: 30000}, unhandledPromptBehavior: dismiss and notify, webauthn:extension:credBlob: true, webauthn:extension:largeBlob: true, webauthn:virtualAuthenticators: true}
Session ID: d0d8c342bab7604ba1d4f3f1c7a0e417
	at java.base/jdk.internal.reflect.NativeConstructorAccessorImpl.newInstance0(Native Method)
	at java.base/jdk.internal.reflect.NativeConstructorAccessorImpl.newInstance(NativeConstructorAccessorImpl.java:77)
	at java.base/jdk.internal.reflect.DelegatingConstructorAccessorImpl.newInstance(DelegatingConstructorAccessorImpl.java:45)
	at java.base/java.lang.reflect.Constructor.newInstanceWithCaller(Constructor.java:499)
	at java.base/java.lang.reflect.Constructor.newInstance(Constructor.java:480)
	at org.openqa.selenium.remote.http.W3CHttpResponseCodec.createException(W3CHttpResponseCodec.java:187)
	at org.openqa.selenium.remote.http.W3CHttpResponseCodec.decode(W3CHttpResponseCodec.java:122)
	at org.openqa.selenium.remote.http.W3CHttpResponseCodec.decode(W3CHttpResponseCodec.java:49)
	at org.openqa.selenium.remote.HttpCommandExecutor.execute(HttpCommandExecutor.java:158)
	at org.openqa.selenium.remote.service.DriverCommandExecutor.execute(DriverCommandExecutor.java:83)
	at org.openqa.selenium.remote.RemoteWebDriver.execute(RemoteWebDriver.java:552)
	at org.openqa.selenium.remote.RemoteWebElement.execute(RemoteWebElement.java:285)
	at org.openqa.selenium.remote.RemoteWebElement.clear(RemoteWebElement.java:124)
	at java.base/jdk.internal.reflect.NativeMethodAccessorImpl.invoke0(Native Method)
	at java.base/jdk.internal.reflect.NativeMethodAccessorImpl.invoke(NativeMethodAccessorImpl.java:77)
	at java.base/jdk.internal.reflect.DelegatingMethodAccessorImpl.invoke(DelegatingMethodAccessorImpl.java:43)
	at java.base/java.lang.reflect.Method.invoke(Method.java:568)
	at org.openqa.selenium.support.pagefactory.internal.LocatingElementHandler.invoke(LocatingElementHandler.java:51)
	at jdk.proxy2/jdk.proxy2.$Proxy27.clear(Unknown Source)
	at com.Surveymonkey.pageObjects.LoginPage.EnterUsername(LoginPage.java:35)
	at com.Surveymonkey.testCases.verifyuserLoginTest.verifyuserLogin(verifyuserLoginTest.java:23)
	at java.base/jdk.internal.reflect.NativeMethodAccessorImpl.invoke0(Native Method)
	at java.base/jdk.internal.reflect.NativeMethodAccessorImpl.invoke(NativeMethodAccessorImpl.java:77)
	at java.base/jdk.internal.reflect.DelegatingMethodAccessorImpl.invoke(DelegatingMethodAccessorImpl.java:43)
	at java.base/java.lang.reflect.Method.invoke(Method.java:568)
	at org.testng.internal.MethodInvocationHelper.invokeMethod(MethodInvocationHelper.java:80)
	at org.testng.internal.Invoker.invokeMethod(Invoker.java:715)
	at org.testng.internal.Invoker.invokeTestMethod(Invoker.java:907)
	at org.testng.internal.Invoker.invokeTestMethods(Invoker.java:1237)
	at org.testng.internal.TestMethodWorker.invokeTestMethods(TestMethodWorker.java:127)
	at org.testng.internal.TestMethodWorker.run(TestMethodWorker.java:111)
	at org.testng.TestRunner.privateRun(TestRunner.java:767)
	at org.testng.TestRunner.run(TestRunner.java:617)
	at org.testng.SuiteRunner.runTest(SuiteRunner.java:334)
	at org.testng.SuiteRunner.runSequentially(SuiteRunner.java:329)
	at org.testng.SuiteRunner.privateRun(SuiteRunner.java:291)
	at org.testng.SuiteRunner.run(SuiteRunner.java:240)
	at org.testng.SuiteRunnerWorker.runSuite(SuiteRunnerWorker.java:51)
	at org.testng.SuiteRunnerWorker.run(SuiteRunnerWorker.java:85)
	at org.testng.TestNG.runSuitesSequentially(TestNG.java:1197)
	at org.testng.TestNG.runSuitesLocally(TestNG.java:1122)
	at org.testng.TestNG.run(TestNG.java:1030)
	at org.testng.remote.AbstractRemoteTestNG.run(AbstractRemoteTestNG.java:115)
	at org.testng.remote.RemoteTestNG.initAndRun(RemoteTestNG.java:251)
	at org.testng.remote.RemoteTestNG.main(RemoteTestNG.java:77)
]]>
            </full-stacktrace>
          </exception> <!-- org.openqa.selenium.ElementNotInteractableException -->
          <reporter-output>
          </reporter-output>
        </test-method> <!-- verifyuserLogin -->
        <test-method is-config="true" signature="teardown()[pri:0, instance:com.Surveymonkey.testCases.verifyuserLoginTest@4763c727]" started-at="2022-08-06T16:20:35Z" name="teardown" finished-at="2022-08-06T16:20:35Z" duration-ms="212" status="PASS">
          <reporter-output>
          </reporter-output>
        </test-method> <!-- teardown -->
      </class> <!-- com.Surveymonkey.testCases.verifyuserLoginTest -->
    </test> <!-- verifyuserLoginTest -->
  </suite> <!-- RegressionSuite -->
</testng-results>
